Der Buildvorgang wurde am 1/19/2016 8:34:28 AM gestartet.
     1>Projekt "C:\Users\jj\Documents\StudiumCode\jt\EKS\ProgI\prkt07\prkt11\prkt11\prkt11.vcxproj" auf Knoten "2", Build Ziel(e).
     1>ClCompile:
         C:\Program Files (x86)\Microsoft Visual Studio 12.0\VC\bin\CL.exe /c /ZI /nologo /W3 /WX- /Od /Oy- /D WIN32 /D _DEBUG /D _CONSOLE /D _LIB /D _UNICODE /D UNICODE /Gm /EHsc /RTC1 /MDd /GS /fp:precise /Zc:wchar_t /Zc:forScope /Fo"Debug\\" /Fd"Debug\vc120.pdb" /Gd /TC /analyze- /errorReport:prompt src.c
         src.c
     1>c:\users\jj\documents\studiumcode\jt\eks\progi\prkt07\prkt11\prkt11\ringbuffer.h(75): warning C4013: 'malloc' undefiniert; Annahme: extern mit Rückgabetyp int
     1>c:\users\jj\documents\studiumcode\jt\eks\progi\prkt07\prkt11\prkt11\ringbuffer.h(75): warning C4047: 'Initialisierung': Anzahl der Dereferenzierungen bei 'ringbuffer *' und 'int' unterschiedlich
     1>c:\users\jj\documents\studiumcode\jt\eks\progi\prkt07\prkt11\prkt11\ringbuffer.h(135): warning C4013: 'free' undefiniert; Annahme: extern mit Rückgabetyp int
     1>c:\users\jj\documents\studiumcode\jt\eks\progi\prkt07\prkt11\prkt11\src.c(14): warning C4047: 'Initialisierung': Anzahl der Dereferenzierungen bei 'char' und 'void *' unterschiedlich
     1>c:\users\jj\documents\studiumcode\jt\eks\progi\prkt07\prkt11\prkt11\src.c(16): warning C4047: 'Initialisierung': Anzahl der Dereferenzierungen bei 'char' und 'void *' unterschiedlich
     1>c:\users\jj\documents\studiumcode\jt\eks\progi\prkt07\prkt11\prkt11\src.c(18): warning C4047: 'Initialisierung': Anzahl der Dereferenzierungen bei 'char' und 'void *' unterschiedlich
     1>c:\users\jj\documents\studiumcode\jt\eks\progi\prkt07\prkt11\prkt11\src.c(23): warning C4996: 'sscanf': This function or variable may be unsafe. Consider using sscanf_s instead. To disable deprecation, use _CRT_SECURE_NO_WARNINGS. See online help for details.
                 c:\program files (x86)\microsoft visual studio 12.0\vc\include\stdio.h(304): Siehe Deklaration von 'sscanf'
     1>c:\users\jj\documents\studiumcode\jt\eks\progi\prkt07\prkt11\prkt11\src.c(30): warning C4996: 'sscanf': This function or variable may be unsafe. Consider using sscanf_s instead. To disable deprecation, use _CRT_SECURE_NO_WARNINGS. See online help for details.
                 c:\program files (x86)\microsoft visual studio 12.0\vc\include\stdio.h(304): Siehe Deklaration von 'sscanf'
     1>c:\users\jj\documents\studiumcode\jt\eks\progi\prkt07\prkt11\prkt11\src.c(39): warning C4996: 'sscanf': This function or variable may be unsafe. Consider using sscanf_s instead. To disable deprecation, use _CRT_SECURE_NO_WARNINGS. See online help for details.
                 c:\program files (x86)\microsoft visual studio 12.0\vc\include\stdio.h(304): Siehe Deklaration von 'sscanf'
     1>c:\users\jj\documents\studiumcode\jt\eks\progi\prkt07\prkt11\prkt11\src.c(43): warning C4047: '=': Anzahl der Dereferenzierungen bei 'char' und 'void *' unterschiedlich
     1>c:\users\jj\documents\studiumcode\jt\eks\progi\prkt07\prkt11\prkt11\src.c(11): warning C4101: 'durchschnitt': Unreferenzierte lokale Variable
       Link:
         C:\Program Files (x86)\Microsoft Visual Studio 12.0\VC\bin\link.exe /ERRORREPORT:PROMPT /OUT:"C:\Users\jj\Documents\StudiumCode\jt\EKS\ProgI\prkt07\prkt11\Debug\prkt11.exe" /INCREMENTAL /NOLOGO kernel32.lib user32.lib gdi32.lib winspool.lib comdlg32.lib advapi32.lib shell32.lib ole32.lib oleaut32.lib uuid.lib odbc32.lib odbccp32.lib /MANIFEST /MANIFESTUAC:"level='asInvoker' uiAccess='false'" /manifest:embed /DEBUG /PDB:"C:\Users\jj\Documents\StudiumCode\jt\EKS\ProgI\prkt07\prkt11\Debug\prkt11.pdb" /SUBSYSTEM:CONSOLE /TLBID:1 /DYNAMICBASE /NXCOMPAT /IMPLIB:"C:\Users\jj\Documents\StudiumCode\jt\EKS\ProgI\prkt07\prkt11\Debug\prkt11.lib" /MACHINE:X86 Debug\src.obj
         prkt11.vcxproj -> C:\Users\jj\Documents\StudiumCode\jt\EKS\ProgI\prkt07\prkt11\Debug\prkt11.exe
     1>Die Erstellung des Projekts "C:\Users\jj\Documents\StudiumCode\jt\EKS\ProgI\prkt07\prkt11\prkt11\prkt11.vcxproj" ist abgeschlossen, Build Ziel(e).

Build erfolgreich.

Verstrichene Zeit 00:00:00.81
